  [1m[35m (77.3ms)[0m  [1m[35mCREATE DATABASE "open_flights_development" ENCODING = 'unicode'[0m
  [1m[35m (25.8ms)[0m  [1m[35mCREATE DATABASE "open_flights_test" ENCODING = 'unicode'[0m
  [1m[35m (5.1ms)[0m  [1m[35mCREATE TABLE "schema_migrations" ("version" character varying NOT NULL PRIMARY KEY)[0m
  [1m[35m (3.4ms)[0m  [1m[35mCREATE TABLE "ar_internal_metadata" ("key" character varying NOT NULL PRIMARY KEY, "value" character varying, "created_at" timestamp(6) NOT NULL, "updated_at" timestamp(6) NOT NULL)[0m
  [1m[35m (0.5ms)[0m  [1m[34mSELECT pg_try_advisory_lock(6955072516161093450)[0m
  [1m[36mActiveRecord::SchemaMigration Load (0.4ms)[0m  [1m[34mSELECT "schema_migrations"."version" FROM "schema_migrations" ORDER BY "schema_migrations"."version" ASC[0m
  [1m[36mActiveRecord::InternalMetadata Load (0.5ms)[0m  [1m[34mSELECT * FROM "ar_internal_metadata" WHERE "ar_internal_metadata"."key" = $1 ORDER BY "ar_internal_metadata"."key" ASC LIMIT 1[0m  [[nil, "environment"]]
  [1m[36mActiveRecord::InternalMetadata Create (0.6ms)[0m  [1m[32mINSERT INTO "ar_internal_metadata" ("key", "value", "created_at", "updated_at") VALUES ('environment', 'development', '2024-07-01 17:00:00.060645', '2024-07-01 17:00:00.060647') RETURNING "key"[0m
Migrating to CreateAirlines (20240701165530)
  [1m[36mTRANSACTION (0.1ms)[0m  [1m[35mBEGIN[0m
  [1m[35m (4.7ms)[0m  [1m[35mCREATE TABLE "airlines" ("id" bigserial primary key, "name" character varying, "image_url" character varying, "slug" character varying, "created_at" timestamp(6) NOT NULL, "updated_at" timestamp(6) NOT NULL)[0m
  [1m[36mActiveRecord::SchemaMigration Create (0.2ms)[0m  [1m[32mINSERT INTO "schema_migrations" ("version") VALUES ('20240701165530') RETURNING "version"[0m
  [1m[36mTRANSACTION (0.6ms)[0m  [1m[35mCOMMIT[0m
Migrating to CreateReviews (20240701165627)
  [1m[36mTRANSACTION (0.1ms)[0m  [1m[35mBEGIN[0m
  [1m[35m (4.3ms)[0m  [1m[35mCREATE TABLE "reviews" ("id" bigserial primary key, "title" character varying, "description" character varying, "score" integer, "airline_id" bigint NOT NULL, "created_at" timestamp(6) NOT NULL, "updated_at" timestamp(6) NOT NULL, CONSTRAINT "fk_rails_3a3d57cfdb"
FOREIGN KEY ("airline_id")
  REFERENCES "airlines" ("id")
)[0m
  [1m[35m (1.0ms)[0m  [1m[35mCREATE INDEX "index_reviews_on_airline_id" ON "reviews" ("airline_id")[0m
  [1m[36mActiveRecord::SchemaMigration Create (0.3ms)[0m  [1m[32mINSERT INTO "schema_migrations" ("version") VALUES ('20240701165627') RETURNING "version"[0m
  [1m[36mTRANSACTION (0.5ms)[0m  [1m[35mCOMMIT[0m
  [1m[35m (0.1ms)[0m  [1m[34mSELECT pg_advisory_unlock(6955072516161093450)[0m
  [1m[36mActiveRecord::SchemaMigration Load (0.3ms)[0m  [1m[34mSELECT "schema_migrations"."version" FROM "schema_migrations" ORDER BY "schema_migrations"."version" ASC[0m
  [1m[36mActiveRecord::SchemaMigration Load (0.4ms)[0m  [1m[34mSELECT "schema_migrations"."version" FROM "schema_migrations" ORDER BY "schema_migrations"."version" ASC[0m
  [1m[36mActiveRecord::SchemaMigration Load (0.5ms)[0m  [1m[34mSELECT "schema_migrations"."version" FROM "schema_migrations" ORDER BY "schema_migrations"."version" ASC[0m
  [1m[36mTRANSACTION (0.2ms)[0m  [1m[35mBEGIN[0m
  [1m[36mAirline Create (1.3ms)[0m  [1m[32mINSERT INTO "airlines" ("name", "image_url", "slug", "created_at", "updated_at") VALUES ($1, $2, $3, $4, $5) RETURNING "id"[0m  [["name", "United Airlines"], ["image_url", "https://open-flights.s3.amazonaws.com/United-Airlines.png"], ["slug", "united-airlines"], ["created_at", "2024-07-01 17:15:58.108337"], ["updated_at", "2024-07-01 17:15:58.108337"]]
  [1m[36mTRANSACTION (0.5ms)[0m  [1m[35mCOMMIT[0m
  [1m[36mTRANSACTION (0.0ms)[0m  [1m[35mBEGIN[0m
  [1m[36mAirline Create (0.7ms)[0m  [1m[32mINSERT INTO "airlines" ("name", "image_url", "slug", "created_at", "updated_at") VALUES ($1, $2, $3, $4, $5) RETURNING "id"[0m  [["name", "Delta Air Lines"], ["image_url", "https://open-flights.s3.amazonaws.com/Delta.png"], ["slug", "delta-air-lines"], ["created_at", "2024-07-01 17:15:58.112291"], ["updated_at", "2024-07-01 17:15:58.112291"]]
  [1m[36mTRANSACTION (0.6ms)[0m  [1m[35mCOMMIT[0m
  [1m[36mTRANSACTION (0.1ms)[0m  [1m[35mBEGIN[0m
  [1m[36mAirline Create (0.7ms)[0m  [1m[32mINSERT INTO "airlines" ("name", "image_url", "slug", "created_at", "updated_at") VALUES ($1, $2, $3, $4, $5) RETURNING "id"[0m  [["name", "American Airlines"], ["image_url", "https://open-flights.s3.amazonaws.com/American-Airlines.png"], ["slug", "american-airlines"], ["created_at", "2024-07-01 17:15:58.114984"], ["updated_at", "2024-07-01 17:15:58.114984"]]
  [1m[36mTRANSACTION (0.6ms)[0m  [1m[35mCOMMIT[0m
  [1m[36mTRANSACTION (0.0ms)[0m  [1m[35mBEGIN[0m
  [1m[36mAirline Create (0.6ms)[0m  [1m[32mINSERT INTO "airlines" ("name", "image_url", "slug", "created_at", "updated_at") VALUES ($1, $2, $3, $4, $5) RETURNING "id"[0m  [["name", "Alaska Airlines"], ["image_url", "https://open-flights.s3.amazonaws.com/Alaska-Airlines.png"], ["slug", "alaska-airlines"], ["created_at", "2024-07-01 17:15:58.117562"], ["updated_at", "2024-07-01 17:15:58.117562"]]
  [1m[36mTRANSACTION (0.6ms)[0m  [1m[35mCOMMIT[0m
  [1m[36mTRANSACTION (0.1ms)[0m  [1m[35mBEGIN[0m
  [1m[36mAirline Create (0.6ms)[0m  [1m[32mINSERT INTO "airlines" ("name", "image_url", "slug", "created_at", "updated_at") VALUES ($1, $2, $3, $4, $5) RETURNING "id"[0m  [["name", "Southwest Airlines"], ["image_url", "https://open-flights.s3.amazonaws.com/Southwest-Airlines.png"], ["slug", "southwest-airlines"], ["created_at", "2024-07-01 17:15:58.119966"], ["updated_at", "2024-07-01 17:15:58.119966"]]
  [1m[36mTRANSACTION (0.5ms)[0m  [1m[35mCOMMIT[0m
  [1m[36mTRANSACTION (0.1ms)[0m  [1m[35mBEGIN[0m
  [1m[36mAirline Create (0.6ms)[0m  [1m[32mINSERT INTO "airlines" ("name", "image_url", "slug", "created_at", "updated_at") VALUES ($1, $2, $3, $4, $5) RETURNING "id"[0m  [["name", "Virgin America"], ["image_url", "https://open-flights.s3.amazonaws.com/Virgin-America.png"], ["slug", "virgin-america"], ["created_at", "2024-07-01 17:15:58.122275"], ["updated_at", "2024-07-01 17:15:58.122275"]]
  [1m[36mTRANSACTION (0.6ms)[0m  [1m[35mCOMMIT[0m
  [1m[36mTRANSACTION (0.0ms)[0m  [1m[35mBEGIN[0m
  [1m[36mAirline Create (0.6ms)[0m  [1m[32mINSERT INTO "airlines" ("name", "image_url", "slug", "created_at", "updated_at") VALUES ($1, $2, $3, $4, $5) RETURNING "id"[0m  [["name", "SkyWest Airlines"], ["image_url", "https://open-flights.s3.amazonaws.com/Skywest.png"], ["slug", "skywest-airlines"], ["created_at", "2024-07-01 17:15:58.124657"], ["updated_at", "2024-07-01 17:15:58.124657"]]
  [1m[36mTRANSACTION (0.6ms)[0m  [1m[35mCOMMIT[0m
  [1m[36mTRANSACTION (0.1ms)[0m  [1m[35mBEGIN[0m
  [1m[36mAirline Create (0.6ms)[0m  [1m[32mINSERT INTO "airlines" ("name", "image_url", "slug", "created_at", "updated_at") VALUES ($1, $2, $3, $4, $5) RETURNING "id"[0m  [["name", "JetBlue"], ["image_url", "https://open-flights.s3.amazonaws.com/JetBlue.png"], ["slug", "jetblue"], ["created_at", "2024-07-01 17:15:58.127012"], ["updated_at", "2024-07-01 17:15:58.127012"]]
  [1m[36mTRANSACTION (0.6ms)[0m  [1m[35mCOMMIT[0m
  [1m[36mTRANSACTION (0.2ms)[0m  [1m[35mBEGIN[0m
  [1m[36mReview Create (1.4ms)[0m  [1m[32mINSERT INTO "reviews" ("title", "description", "score", "airline_id", "created_at", "updated_at") VALUES ($1, $2, $3, $4, $5, $6) RETURNING "id"[0m  [["title", "Excellent flight experience"], ["description", "The flight was smooth, comfortable, and the crew was friendly."], ["score", 5], ["airline_id", 1], ["created_at", "2024-07-01 17:15:58.154814"], ["updated_at", "2024-07-01 17:15:58.154814"]]
  [1m[36mTRANSACTION (0.4ms)[0m  [1m[35mCOMMIT[0m
  [1m[36mTRANSACTION (0.0ms)[0m  [1m[35mBEGIN[0m
  [1m[36mReview Create (0.6ms)[0m  [1m[32mINSERT INTO "reviews" ("title", "description", "score", "airline_id", "created_at", "updated_at") VALUES ($1, $2, $3, $4, $5, $6) RETURNING "id"[0m  [["title", "Service was good"], ["description", "The flight attendants were attentive and helpful."], ["score", 4], ["airline_id", 2], ["created_at", "2024-07-01 17:15:58.158405"], ["updated_at", "2024-07-01 17:15:58.158405"]]
  [1m[36mTRANSACTION (0.6ms)[0m  [1m[35mCOMMIT[0m
  [1m[36mTRANSACTION (0.0ms)[0m  [1m[35mBEGIN[0m
  [1m[36mReview Create (0.6ms)[0m  [1m[32mINSERT INTO "reviews" ("title", "description", "score", "airline_id", "created_at", "updated_at") VALUES ($1, $2, $3, $4, $5, $6) RETURNING "id"[0m  [["title", "Great value for money"], ["description", "The flight was affordable and the service was excellent."], ["score", 5], ["airline_id", 3], ["created_at", "2024-07-01 17:15:58.160976"], ["updated_at", "2024-07-01 17:15:58.160976"]]
  [1m[36mTRANSACTION (0.7ms)[0m  [1m[35mCOMMIT[0m
  [1m[36mTRANSACTION (0.0ms)[0m  [1m[35mBEGIN[0m
  [1m[36mReview Create (0.7ms)[0m  [1m[32mINSERT INTO "reviews" ("title", "description", "score", "airline_id", "created_at", "updated_at") VALUES ($1, $2, $3, $4, $5, $6) RETURNING "id"[0m  [["title", "Bad airline"], ["description", "The flight was cancelled and the crew was unfriendly."], ["score", 1], ["airline_id", 4], ["created_at", "2024-07-01 17:15:58.163531"], ["updated_at", "2024-07-01 17:15:58.163531"]]
  [1m[36mTRANSACTION (0.6ms)[0m  [1m[35mCOMMIT[0m
  [1m[36mTRANSACTION (0.1ms)[0m  [1m[35mBEGIN[0m
  [1m[36mReview Create (0.7ms)[0m  [1m[32mINSERT INTO "reviews" ("title", "description", "score", "airline_id", "created_at", "updated_at") VALUES ($1, $2, $3, $4, $5, $6) RETURNING "id"[0m  [["title", "Didn't enjoy it"], ["description", "The flight was too long and the crew was rude."], ["score", 2], ["airline_id", 3], ["created_at", "2024-07-01 17:15:58.166332"], ["updated_at", "2024-07-01 17:15:58.166332"]]
  [1m[36mTRANSACTION (0.6ms)[0m  [1m[35mCOMMIT[0m
  [1m[36mAirline Count (0.3ms)[0m  [1m[34mSELECT COUNT(*) FROM "airlines"[0m
  [1m[36mReview Count (0.8ms)[0m  [1m[34mSELECT COUNT(*) FROM "reviews"[0m
  [1m[36mAirline Load (0.1ms)[0m  [1m[34mSELECT "airlines".* FROM "airlines" ORDER BY "airlines"."id" ASC LIMIT $1[0m  [["LIMIT", 1]]
  [1m[36mAirline Load (0.6ms)[0m  [1m[34mSELECT "airlines".* FROM "airlines" ORDER BY "airlines"."id" ASC LIMIT $1[0m  [["LIMIT", 1]]
  [1m[36mReview Count (0.5ms)[0m  [1m[34mSELECT COUNT(*) FROM "reviews" WHERE "reviews"."airline_id" = $1[0m  [["airline_id", 1]]
  [1m[36mAirline Load (0.6ms)[0m  [1m[34mSELECT "airlines".* FROM "airlines" ORDER BY "airlines"."id" ASC LIMIT $1 OFFSET $2[0m  [["LIMIT", 1], ["OFFSET", 2]]
  [1m[36mReview Count (0.6ms)[0m  [1m[34mSELECT COUNT(*) FROM "reviews" WHERE "reviews"."airline_id" = $1[0m  [["airline_id", 3]]
  [1m[36mAirline Load (0.2ms)[0m  [1m[34mSELECT "airlines".* FROM "airlines" ORDER BY "airlines"."id" ASC LIMIT $1 OFFSET $2[0m  [["LIMIT", 1], ["OFFSET", 2]]
  [1m[36mAirline Load (0.4ms)[0m  [1m[34mSELECT "airlines".* FROM "airlines" ORDER BY "airlines"."id" ASC LIMIT $1 OFFSET $2[0m  [["LIMIT", 1], ["OFFSET", 2]]
  [1m[36mReview Average (0.4ms)[0m  [1m[34mSELECT AVG("reviews"."score") FROM "reviews" WHERE "reviews"."airline_id" = $1[0m  [["airline_id", 3]]
